<?xml version="1.0" encoding="UTF-8"?>
<!-- Generated by org.testng.reporters.JUnitReportReporter -->
<testsuite skipped="0" hostname="DESKTOP-U4S54UM" name="Test.testHome" tests="2" failures="0" timestamp="08 oct 2018 17:42:42 GMT" time="112.476" errors="0">
  <testcase name="registro_usuario" time="54.145" classname="Test.testHome"/>
  <testcase name="buscar_flujobasico" time="58.331" classname="Test.testHome"/>
</testsuite> <!-- Test.testHome -->
